# JRE version: OpenJDK Runtime Environment (11.0.11+9) (build 11.0.11+9-b60-7590822)
# Java VM: OpenJDK 64-Bit Server VM (11.0.11+9-b60-7590822, mixed mode, tiered, compressed oops, g1 gc, windows-amd64)
Heap:
 garbage-first heap   total 400384K, used 132207K [0x00000000a0000000, 0x0000000100000000)
  region size 1024K, 28 young (28672K), 4 survivors (4096K)
 Metaspace       used 97616K, capacity 100310K, committed 100608K, reserved 1136640K
  class space    used 12236K, capacity 13206K, committed 13312K, reserved 1048576K
GC Heap History (20 events):
Event: 8514.230 GC heap before
{Heap before GC invocations=123 (full 0):
 garbage-first heap   total 392192K, used 185811K [0x00000000a0000000, 0x0000000100000000)
  region size 1024K, 39 young (39936K), 3 survivors (3072K)
 Metaspace       used 97245K, capacity 99898K, committed 100352K, reserved 1136640K
  class space    used 12209K, capacity 13163K, committed 13312K, reserved 1048576K
}
Event: 8514.260 GC heap after
{Heap after GC invocations=124 (full 0):
 garbage-first heap   total 392192K, used 152996K [0x00000000a0000000, 0x0000000100000000)
  region size 1024K, 5 young (5120K), 5 survivors (5120K)
 Metaspace       used 97245K, capacity 99898K, committed 100352K, reserved 1136640K
  class space    used 12209K, capacity 13163K, committed 13312K, reserved 1048576K
}
Event: 8516.702 GC heap before
{Heap before GC invocations=124 (full 0):
 garbage-first heap   total 392192K, used 212388K [0x00000000a0000000, 0x0000000100000000)
  region size 1024K, 19 young (19456K), 5 survivors (5120K)
 Metaspace       used 97340K, capacity 99969K, committed 100352K, reserved 1136640K
  class space    used 12215K, capacity 13174K, committed 13312K, reserved 1048576K
}
Event: 8516.745 GC heap after
{Heap after GC invocations=125 (full 0):
 garbage-first heap   total 392192K, used 106791K [0x00000000a0000000, 0x0000000100000000)
  region size 1024K, 1 young (1024K), 1 survivors (1024K)
 Metaspace       used 97340K, capacity 99969K, committed 100352K, reserved 1136640K
  class space    used 12215K, capacity 13174K, committed 13312K, reserved 1048576K
}
Event: 8517.420 GC heap before
{Heap before GC invocations=125 (full 0):
 garbage-first heap   total 392192K, used 121127K [0x00000000a0000000, 0x0000000100000000)
  region size 1024K, 16 young (16384K), 1 survivors (1024K)
 Metaspace       used 97346K, capacity 99975K, committed 100352K, reserved 1136640K
  class space    used 12216K, capacity 13175K, committed 13312K, reserved 1048576K
}
Event: 8517.427 GC heap after
{Heap after GC invocations=126 (full 0):
 garbage-first heap   total 392192K, used 106915K [0x00000000a0000000, 0x0000000100000000)
  region size 1024K, 2 young (2048K), 2 survivors (2048K)
 Metaspace       used 97346K, capacity 99975K, committed 100352K, reserved 1136640K
  class space    used 12216K, capacity 13175K, committed 13312K, reserved 1048576K
}
Event: 8520.695 GC heap before
{Heap before GC invocations=127 (full 0):
 garbage-first heap   total 398336K, used 395683K [0x00000000a0000000, 0x0000000100000000)
  region size 1024K, 22 young (22528K), 2 survivors (2048K)
 Metaspace       used 97372K, capacity 100051K, committed 100352K, reserved 1136640K
  class space    used 12217K, capacity 13177K, committed 13312K, reserved 1048576K
}
Event: 8520.705 GC heap after
{Heap after GC invocations=128 (full 0):
 garbage-first heap   total 400384K, used 107045K [0x00000000a0000000, 0x0000000100000000)
  region size 1024K, 2 young (2048K), 2 survivors (2048K)
 Metaspace       used 97372K, capacity 100051K, committed 100352K, reserved 1136640K
  class space    used 12217K, capacity 13177K, committed 13312K, reserved 1048576K
}
Event: 8918.421 GC heap before
{Heap before GC invocations=128 (full 0):
 garbage-first heap   total 400384K, used 123429K [0x00000000a0000000, 0x0000000100000000)
  region size 1024K, 19 young (19456K), 2 survivors (2048K)
 Metaspace       used 97426K, capacity 100129K, committed 100352K, reserved 1136640K
  class space    used 12222K, capacity 13183K, committed 13312K, reserved 1048576K
}
Event: 8918.767 GC heap after
{Heap after GC invocations=129 (full 0):
 garbage-first heap   total 400384K, used 107171K [0x00000000a0000000, 0x0000000100000000)
  region size 1024K, 2 young (2048K), 2 survivors (2048K)
 Metaspace       used 97426K, capacity 100129K, committed 100352K, reserved 1136640K
  class space    used 12222K, capacity 13183K, committed 13312K, reserved 1048576K
}
Event: 9957.516 GC heap before
{Heap before GC invocations=129 (full 0):
 garbage-first heap   total 400384K, used 131747K [0x00000000a0000000, 0x0000000100000000)
  region size 1024K, 26 young (26624K), 2 survivors (2048K)
 Metaspace       used 97428K, capacity 100129K, committed 100352K, reserved 1136640K
  class space    used 12222K, capacity 13183K, committed 13312K, reserved 1048576K
}
Event: 9957.887 GC heap after
{Heap after GC invocations=130 (full 0):
 garbage-first heap   total 400384K, used 107156K [0x00000000a0000000, 0x0000000100000000)
  region size 1024K, 2 young (2048K), 2 survivors (2048K)
 Metaspace       used 97428K, capacity 100129K, committed 100352K, reserved 1136640K
  class space    used 12222K, capacity 13183K, committed 13312K, reserved 1048576K
}
Event: 10115.137 GC heap before
{Heap before GC invocations=131 (full 0):
 garbage-first heap   total 400384K, used 124564K [0x00000000a0000000, 0x0000000100000000)
  region size 1024K, 19 young (19456K), 2 survivors (2048K)
 Metaspace       used 97306K, capacity 99903K, committed 100352K, reserved 1136640K
  class space    used 12187K, capacity 13121K, committed 13312K, reserved 1048576K
}
Event: 10115.246 GC heap after
{Heap after GC invocations=132 (full 0):
 garbage-first heap   total 400384K, used 108526K [0x00000000a0000000, 0x0000000100000000)
  region size 1024K, 3 young (3072K), 3 survivors (3072K)
 Metaspace       used 97306K, capacity 99903K, committed 100352K, reserved 1136640K
  class space    used 12187K, capacity 13121K, committed 13312K, reserved 1048576K
}
Event: 10116.161 GC heap before
{Heap before GC invocations=132 (full 0):
 garbage-first heap   total 400384K, used 123886K [0x00000000a0000000, 0x0000000100000000)
  region size 1024K, 19 young (19456K), 3 survivors (3072K)
 Metaspace       used 97326K, capacity 99903K, committed 100352K, reserved 1136640K
  class space    used 12187K, capacity 13121K, committed 13312K, reserved 1048576K
}
Event: 10116.318 GC heap after
{Heap after GC invocations=133 (full 0):
 garbage-first heap   total 400384K, used 104230K [0x00000000a0000000, 0x0000000100000000)
  region size 1024K, 2 young (2048K), 2 survivors (2048K)
 Metaspace       used 97326K, capacity 99903K, committed 100352K, reserved 1136640K
  class space    used 12187K, capacity 13121K, committed 13312K, reserved 1048576K
}
Event: 10116.927 GC heap before
{Heap before GC invocations=133 (full 0):
 garbage-first heap   total 400384K, used 120614K [0x00000000a0000000, 0x0000000100000000)
  region size 1024K, 19 young (19456K), 2 survivors (2048K)
 Metaspace       used 97411K, capacity 100000K, committed 100608K, reserved 1136640K
  class space    used 12194K, capacity 13132K, committed 13312K, reserved 1048576K
}
Event: 10116.964 GC heap after
{Heap after GC invocations=134 (full 0):
 garbage-first heap   total 400384K, used 105751K [0x00000000a0000000, 0x0000000100000000)
  region size 1024K, 3 young (3072K), 3 survivors (3072K)
 Metaspace       used 97411K, capacity 100000K, committed 100608K, reserved 1136640K
  class space    used 12194K, capacity 13132K, committed 13312K, reserved 1048576K
}
Event: 10117.947 GC heap before
{Heap before GC invocations=134 (full 0):
 garbage-first heap   total 400384K, used 127255K [0x00000000a0000000, 0x0000000100000000)
  region size 1024K, 25 young (25600K), 3 survivors (3072K)
 Metaspace       used 97532K, capacity 100209K, committed 100608K, reserved 1136640K
  class space    used 12210K, capacity 13158K, committed 13312K, reserved 1048576K
}
Event: 10117.980 GC heap after
{Heap after GC invocations=135 (full 0):
 garbage-first heap   total 400384K, used 109679K [0x00000000a0000000, 0x0000000100000000)
  region size 1024K, 4 young (4096K), 4 survivors (4096K)
 Metaspace       used 97532K, capacity 100209K, committed 100608K, reserved 1136640K
  class space    used 12210K, capacity 13158K, committed 13312K, reserved 1048576K
}

